[2021-11-10 18:43:40Z INFO HostContext] No proxy settings were found based on environmental variables (http_proxy/https_proxy/HTTP_PROXY/HTTPS_PROXY)
[2021-11-10 18:43:40Z INFO HostContext] Well known directory 'Bin': '/home/student/226MessageWebServer/website/actions-runner/bin'
[2021-11-10 18:43:40Z INFO HostContext] Well known directory 'Root': '/home/student/226MessageWebServer/website/actions-runner'
[2021-11-10 18:43:40Z INFO HostContext] Well known config file 'Credentials': '/home/student/226MessageWebServer/website/actions-runner/.credentials'
[2021-11-10 18:43:41Z INFO Listener] Runner is built for Linux (X64) - linux-x64.
[2021-11-10 18:43:41Z INFO Listener] RuntimeInformation: Linux 5.4.0-81-generic #91-Ubuntu SMP Thu Jul 15 19:09:17 UTC 2021.
[2021-11-10 18:43:41Z INFO Listener] Version: 2.284.0
[2021-11-10 18:43:41Z INFO Listener] Commit: 9027c154d05776c16f6df6c0345bc9ec20440ebe
[2021-11-10 18:43:41Z INFO Listener] Culture: en-US
[2021-11-10 18:43:41Z INFO Listener] UI Culture: en-US
[2021-11-10 18:43:41Z INFO HostContext] Well known directory 'Bin': '/home/student/226MessageWebServer/website/actions-runner/bin'
[2021-11-10 18:43:41Z INFO HostContext] Well known directory 'Root': '/home/student/226MessageWebServer/website/actions-runner'
[2021-11-10 18:43:41Z INFO Listener] Validating directory permissions for: '/home/student/226MessageWebServer/website/actions-runner'
[2021-11-10 18:43:41Z INFO CommandLineParser] Parse
[2021-11-10 18:43:41Z INFO CommandLineParser] Parsing 1 args
[2021-11-10 18:43:41Z INFO CommandLineParser] parsing argument
[2021-11-10 18:43:41Z INFO CommandLineParser] HasArgs: False
[2021-11-10 18:43:41Z INFO CommandLineParser] Adding Command: run
[2021-11-10 18:43:41Z INFO Listener] Arguments parsed
[2021-11-10 18:43:41Z INFO Runner] ExecuteCommand
[2021-11-10 18:43:41Z INFO ConfigurationStore] currentAssemblyLocation: /home/student/226MessageWebServer/website/actions-runner/bin/Runner.Listener.dll
[2021-11-10 18:43:41Z INFO HostContext] Well known directory 'Bin': '/home/student/226MessageWebServer/website/actions-runner/bin'
[2021-11-10 18:43:41Z INFO ConfigurationStore] binPath: /home/student/226MessageWebServer/website/actions-runner/bin
[2021-11-10 18:43:41Z INFO HostContext] Well known directory 'Bin': '/home/student/226MessageWebServer/website/actions-runner/bin'
[2021-11-10 18:43:41Z INFO HostContext] Well known directory 'Root': '/home/student/226MessageWebServer/website/actions-runner'
[2021-11-10 18:43:41Z INFO ConfigurationStore] RootFolder: /home/student/226MessageWebServer/website/actions-runner
[2021-11-10 18:43:41Z INFO HostContext] Well known directory 'Bin': '/home/student/226MessageWebServer/website/actions-runner/bin'
[2021-11-10 18:43:41Z INFO HostContext] Well known directory 'Root': '/home/student/226MessageWebServer/website/actions-runner'
[2021-11-10 18:43:41Z INFO HostContext] Well known config file 'Runner': '/home/student/226MessageWebServer/website/actions-runner/.runner'
[2021-11-10 18:43:41Z INFO ConfigurationStore] ConfigFilePath: /home/student/226MessageWebServer/website/actions-runner/.runner
[2021-11-10 18:43:41Z INFO HostContext] Well known directory 'Bin': '/home/student/226MessageWebServer/website/actions-runner/bin'
[2021-11-10 18:43:41Z INFO HostContext] Well known directory 'Root': '/home/student/226MessageWebServer/website/actions-runner'
[2021-11-10 18:43:41Z INFO HostContext] Well known config file 'Credentials': '/home/student/226MessageWebServer/website/actions-runner/.credentials'
[2021-11-10 18:43:41Z INFO ConfigurationStore] CredFilePath: /home/student/226MessageWebServer/website/actions-runner/.credentials
[2021-11-10 18:43:41Z INFO HostContext] Well known directory 'Bin': '/home/student/226MessageWebServer/website/actions-runner/bin'
[2021-11-10 18:43:41Z INFO HostContext] Well known directory 'Root': '/home/student/226MessageWebServer/website/actions-runner'
[2021-11-10 18:43:41Z INFO HostContext] Well known config file 'MigratedCredentials': '/home/student/226MessageWebServer/website/actions-runner/.credentials_migrated'
[2021-11-10 18:43:41Z INFO ConfigurationStore] MigratedCredFilePath: /home/student/226MessageWebServer/website/actions-runner/.credentials_migrated
[2021-11-10 18:43:41Z INFO HostContext] Well known directory 'Bin': '/home/student/226MessageWebServer/website/actions-runner/bin'
[2021-11-10 18:43:41Z INFO HostContext] Well known directory 'Root': '/home/student/226MessageWebServer/website/actions-runner'
[2021-11-10 18:43:41Z INFO HostContext] Well known config file 'Service': '/home/student/226MessageWebServer/website/actions-runner/.service'
[2021-11-10 18:43:41Z INFO ConfigurationStore] ServiceConfigFilePath: /home/student/226MessageWebServer/website/actions-runner/.service
[2021-11-10 18:43:41Z INFO CommandSettings] Flag 'help': 'False'
[2021-11-10 18:43:41Z INFO CommandSettings] Flag 'version': 'False'
[2021-11-10 18:43:41Z INFO CommandSettings] Flag 'commit': 'False'
[2021-11-10 18:43:41Z INFO CommandSettings] Flag 'check': 'False'
[2021-11-10 18:43:41Z INFO CommandSettings] Command 'configure': 'False'
[2021-11-10 18:43:41Z INFO CommandSettings] Command 'remove': 'False'
[2021-11-10 18:43:41Z INFO CommandSettings] Command 'warmup': 'False'
[2021-11-10 18:43:41Z INFO ConfigurationManager] LoadSettings
[2021-11-10 18:43:41Z INFO ConfigurationStore] IsConfigured()
[2021-11-10 18:43:41Z INFO ConfigurationStore] IsConfigured: True
[2021-11-10 18:43:41Z INFO ConfigurationManager] Is configured: True
[2021-11-10 18:43:41Z INFO ConfigurationStore] Read setting file: 299 chars
[2021-11-10 18:43:41Z INFO ConfigurationManager] Settings Loaded
[2021-11-10 18:43:41Z INFO ConfigurationStore] IsServiceConfigured()
[2021-11-10 18:43:41Z INFO ConfigurationStore] IsServiceConfigured: False
[2021-11-10 18:43:41Z INFO CommandSettings] Command 'run': 'True'
[2021-11-10 18:43:41Z INFO ConfigurationStore] IsConfigured()
[2021-11-10 18:43:41Z INFO ConfigurationStore] IsConfigured: True
[2021-11-10 18:43:41Z INFO ConfigurationManager] Is configured: True
[2021-11-10 18:43:41Z INFO Runner] Could not parse the argument value '' for StartupType. Defaulting to Manual
[2021-11-10 18:43:41Z INFO Runner] Set runner startup type - Manual
[2021-11-10 18:43:41Z INFO CommandSettings] Flag 'once': 'False'
[2021-11-10 18:43:41Z INFO CommandSettings] Flag 'once': 'False'
[2021-11-10 18:43:41Z INFO Runner] RunAsync
[2021-11-10 18:43:41Z INFO ConfigurationManager] LoadSettings
[2021-11-10 18:43:41Z INFO ConfigurationStore] IsConfigured()
[2021-11-10 18:43:41Z INFO ConfigurationStore] IsConfigured: True
[2021-11-10 18:43:41Z INFO ConfigurationManager] Is configured: True
[2021-11-10 18:43:41Z INFO ConfigurationManager] Settings Loaded
[2021-11-10 18:43:41Z INFO MessageListener] {
  "AgentId": 2,
  "AgentName": "ics226",
  "PoolId": 1,
  "PoolName": "Default",
  "ServerUrl": "https://pipelines.actions.githubusercontent.com/Ax0Ej6jhyj4ZtQzoHXEbkH0BeyDq8whKqU8oAVKsNSbCVBwj6I",
  "GitHubUrl": "https://github.com/hoangdangnhatkha/226MessageWebServer",
  "WorkFolder": "_work"
}
[2021-11-10 18:43:41Z INFO MessageListener] Loading Credentials
[2021-11-10 18:43:41Z INFO ConfigurationStore] HasCredentials()
[2021-11-10 18:43:41Z INFO ConfigurationStore] stored True
[2021-11-10 18:43:41Z INFO CredentialManager] GetCredentialProvider
[2021-11-10 18:43:41Z INFO CredentialManager] Creating type OAuth
[2021-11-10 18:43:41Z INFO CredentialManager] Creating credential type: OAuth
[2021-11-10 18:43:41Z INFO HostContext] Well known directory 'Bin': '/home/student/226MessageWebServer/website/actions-runner/bin'
[2021-11-10 18:43:41Z INFO HostContext] Well known directory 'Root': '/home/student/226MessageWebServer/website/actions-runner'
[2021-11-10 18:43:41Z INFO HostContext] Well known config file 'RSACredentials': '/home/student/226MessageWebServer/website/actions-runner/.credentials_rsaparams'
[2021-11-10 18:43:41Z INFO RSAFileKeyManager] Loading RSA key parameters from file /home/student/226MessageWebServer/website/actions-runner/.credentials_rsaparams
[2021-11-10 18:43:41Z INFO MessageListener] Attempt to create session.
[2021-11-10 18:43:41Z INFO MessageListener] Connecting to the Runner Server...
[2021-11-10 18:43:41Z INFO RunnerServer] Establish connection with 100 seconds timeout.
[2021-11-10 18:43:41Z INFO GitHubActionsService] Starting operation Location.GetConnectionData
[2021-11-10 18:43:41Z INFO RunnerServer] Establish connection with 60 seconds timeout.
[2021-11-10 18:43:41Z INFO GitHubActionsService] Starting operation Location.GetConnectionData
[2021-11-10 18:43:41Z INFO RunnerServer] Establish connection with 60 seconds timeout.
[2021-11-10 18:43:41Z INFO GitHubActionsService] Starting operation Location.GetConnectionData
[2021-11-10 18:43:41Z INFO GitHubActionsService] Finished operation Location.GetConnectionData
[2021-11-10 18:43:42Z INFO GitHubActionsService] Finished operation Location.GetConnectionData
[2021-11-10 18:43:42Z INFO GitHubActionsService] Finished operation Location.GetConnectionData
[2021-11-10 18:43:44Z INFO MessageListener] VssConnection created
[2021-11-10 18:43:44Z INFO Terminal] WRITE LINE: 
[2021-11-10 18:43:44Z INFO Terminal] WRITE LINE: 
[2021-11-10 18:43:44Z WARN GitHubActionsService] Authentication failed with status code 401.
WWW-Authenticate: Bearer
Strict-Transport-Security: max-age=2592000
X-TFS-ProcessId: b138a629-94b1-46c2-a8e6-7c3f910b47df
ActivityId: 0593c827-85b0-43b7-a77a-434d8b49ad85
X-TFS-Session: 0025b8d2-8698-41e5-9432-d2759486b86e
X-VSS-E2EID: a1d91e2a-1f0b-4c95-ad4c-d8efa4bb790f
X-VSS-SenderDeploymentId: 13a19993-c6bc-326c-afb4-32c5519f46f0
X-TFS-ServiceError: The+user+%27System%3aPublicAccess%3baaaaaaaa-aaaa-aaaa-aaaa-aaaaaaaaaaaa%27+is+not+authorized+to+access+this+resource.
X-VSS-S2STargetService: 0000005A-0000-8888-8000-000000000000/visualstudio.com
X-Cache: CONFIG_NOCACHE
X-MSEdge-Ref: Ref A: D975EAD9855748EFA5973142A9DC4746 Ref B: WSTEDGE1118 Ref C: 2021-11-10T18:43:44Z
Date: Wed, 10 Nov 2021 18:43:43 GMT

[2021-11-10 18:43:44Z INFO RSAFileKeyManager] Loading RSA key parameters from file /home/student/226MessageWebServer/website/actions-runner/.credentials_rsaparams
[2021-11-10 18:43:44Z INFO RSAFileKeyManager] Loading RSA key parameters from file /home/student/226MessageWebServer/website/actions-runner/.credentials_rsaparams
[2021-11-10 18:43:44Z INFO GitHubActionsService] AAD Correlation ID for this token request: Unknown
[2021-11-10 18:43:45Z INFO MessageListener] Session created.
[2021-11-10 18:43:45Z INFO Terminal] WRITE LINE: Current runner version: '2.284.0'
[2021-11-10 18:43:45Z INFO Terminal] WRITE LINE: 2021-11-10 18:43:45Z: Listening for Jobs
[2021-11-10 18:43:45Z INFO JobDispatcher] Set runner/worker IPC timeout to 30 seconds.
[2021-11-10 18:43:48Z INFO RSAFileKeyManager] Loading RSA key parameters from file /home/student/226MessageWebServer/website/actions-runner/.credentials_rsaparams
[2021-11-10 18:43:48Z INFO MessageListener] Message '1' received from session '5d4aafe6-6644-4693-a682-19155068cc69'.
[2021-11-10 18:43:48Z INFO JobDispatcher] Job request 1 for plan d4467e20-90cc-42c2-9143-df45cc78c800 job ca395085-040a-526b-2ce8-bdc85f692774 received.
[2021-11-10 18:43:48Z INFO JobDispatcher] Pull OrchestrationId d4467e20-90cc-42c2-9143-df45cc78c800.build.__default from JWT claims
[2021-11-10 18:43:48Z INFO Terminal] WRITE LINE: 2021-11-10 18:43:48Z: Running job: build
[2021-11-10 18:43:48Z INFO JobDispatcher] Start renew job request 1 for job ca395085-040a-526b-2ce8-bdc85f692774.
[2021-11-10 18:43:49Z INFO JobDispatcher] Successfully renew job request 1, job is valid till 11/10/2021 6:53:49 PM
[2021-11-10 18:43:49Z INFO HostContext] Well known directory 'Bin': '/home/student/226MessageWebServer/website/actions-runner/bin'
[2021-11-10 18:43:49Z INFO ProcessInvokerWrapper] Starting process:
[2021-11-10 18:43:49Z INFO ProcessInvokerWrapper]   File name: '/home/student/226MessageWebServer/website/actions-runner/bin/Runner.Worker'
[2021-11-10 18:43:49Z INFO ProcessInvokerWrapper]   Arguments: 'spawnclient 101 104'
[2021-11-10 18:43:49Z INFO ProcessInvokerWrapper]   Working directory: '/home/student/226MessageWebServer/website/actions-runner/bin'
[2021-11-10 18:43:49Z INFO ProcessInvokerWrapper]   Require exit code zero: 'False'
[2021-11-10 18:43:49Z INFO ProcessInvokerWrapper]   Encoding web name:  ; code page: ''
[2021-11-10 18:43:49Z INFO ProcessInvokerWrapper]   Force kill process on cancellation: 'True'
[2021-11-10 18:43:49Z INFO ProcessInvokerWrapper]   Redirected STDIN: 'False'
[2021-11-10 18:43:49Z INFO ProcessInvokerWrapper]   Persist current code page: 'False'
[2021-11-10 18:43:49Z INFO ProcessInvokerWrapper]   Keep redirected STDIN open: 'False'
[2021-11-10 18:43:49Z INFO ProcessInvokerWrapper]   High priority process: 'True'
[2021-11-10 18:43:49Z INFO ProcessInvokerWrapper] Process started with process id 313399, waiting for process exit.
[2021-11-10 18:43:49Z INFO JobDispatcher] Send job request message to worker for job ca395085-040a-526b-2ce8-bdc85f692774.
[2021-11-10 18:43:49Z INFO ProcessChannel] Sending message of length 20518, with hash 'e67fd18ee3e7b23aa90e6da86e696f25a10b1b1a24ca88727a8f054884cb0351'
[2021-11-10 18:43:49Z INFO JobNotification] Entering JobStarted Notification
[2021-11-10 18:43:49Z INFO JobNotification] Entering StartMonitor
[2021-11-10 18:44:00Z INFO ProcessInvokerWrapper] STDOUT/STDERR stream read finished.
[2021-11-10 18:44:00Z INFO ProcessInvokerWrapper] STDOUT/STDERR stream read finished.
[2021-11-10 18:44:00Z INFO ProcessInvokerWrapper] Finished process 313399 with exit code 102, and elapsed time 00:00:10.9964636.
[2021-11-10 18:44:00Z INFO JobDispatcher] Worker finished for job ca395085-040a-526b-2ce8-bdc85f692774. Code: 102
[2021-11-10 18:44:00Z INFO JobDispatcher] finish job request for job ca395085-040a-526b-2ce8-bdc85f692774 with result: Failed
[2021-11-10 18:44:00Z INFO Terminal] WRITE LINE: 2021-11-10 18:44:00Z: Job build completed with result: Failed
[2021-11-10 18:44:00Z INFO JobDispatcher] Stop renew job request for job ca395085-040a-526b-2ce8-bdc85f692774.
[2021-11-10 18:44:00Z INFO JobDispatcher] job renew has been canceled, stop renew job request 1.
[2021-11-10 18:44:00Z INFO JobNotification] Entering JobCompleted Notification
[2021-11-10 18:44:00Z INFO JobNotification] Entering EndMonitor
[2021-11-10 18:50:30Z INFO Terminal] WRITE LINE: Exiting...
[2021-11-10 18:50:30Z INFO ConfigurationStore] IsServiceConfigured()
[2021-11-10 18:50:30Z INFO ConfigurationStore] IsServiceConfigured: False
[2021-11-10 18:50:30Z INFO HostContext] Runner will be shutdown for UserCancelled
[2021-11-10 18:50:30Z WARN GitHubActionsService] GET request to https://pipelines.actions.githubusercontent.com/Ax0Ej6jhyj4ZtQzoHXEbkH0BeyDq8whKqU8oAVKsNSbCVBwj6I/_apis/distributedtask/pools/1/messages?sessionId=5d4aafe6-6644-4693-a682-19155068cc69&lastMessageId=1 has been cancelled.
[2021-11-10 18:50:30Z INFO MessageListener] Get next message has been cancelled.
[2021-11-10 18:50:30Z INFO JobDispatcher] Shutting down JobDispatcher. Make sure all WorkerDispatcher has finished.
[2021-11-10 18:50:30Z INFO JobDispatcher] Ensure WorkerDispather for job ca395085-040a-526b-2ce8-bdc85f692774 run to finish, cancel any running job.
[2021-11-10 18:50:30Z INFO JobDispatcher] Job request ca395085-040a-526b-2ce8-bdc85f692774 processed succeed.
[2021-11-10 18:50:31Z INFO Listener] Runner execution been cancelled.
