[2021-11-10 18:43:13Z INFO HostContext] No proxy settings were found based on environmental variables (http_proxy/https_proxy/HTTP_PROXY/HTTPS_PROXY)
[2021-11-10 18:43:13Z INFO HostContext] Well known directory 'Bin': '/home/student/226MessageWebServer/website/actions-runner/bin'
[2021-11-10 18:43:13Z INFO HostContext] Well known directory 'Root': '/home/student/226MessageWebServer/website/actions-runner'
[2021-11-10 18:43:13Z INFO HostContext] Well known config file 'Credentials': '/home/student/226MessageWebServer/website/actions-runner/.credentials'
[2021-11-10 18:43:13Z INFO Listener] Runner is built for Linux (X64) - linux-x64.
[2021-11-10 18:43:13Z INFO Listener] RuntimeInformation: Linux 5.4.0-81-generic #91-Ubuntu SMP Thu Jul 15 19:09:17 UTC 2021.
[2021-11-10 18:43:13Z INFO Listener] Version: 2.284.0
[2021-11-10 18:43:13Z INFO Listener] Commit: 9027c154d05776c16f6df6c0345bc9ec20440ebe
[2021-11-10 18:43:13Z INFO Listener] Culture: en-US
[2021-11-10 18:43:13Z INFO Listener] UI Culture: en-US
[2021-11-10 18:43:13Z INFO HostContext] Well known directory 'Bin': '/home/student/226MessageWebServer/website/actions-runner/bin'
[2021-11-10 18:43:13Z INFO HostContext] Well known directory 'Root': '/home/student/226MessageWebServer/website/actions-runner'
[2021-11-10 18:43:13Z INFO Listener] Validating directory permissions for: '/home/student/226MessageWebServer/website/actions-runner'
[2021-11-10 18:43:13Z INFO CommandLineParser] Parse
[2021-11-10 18:43:13Z INFO CommandLineParser] Parsing 5 args
[2021-11-10 18:43:13Z INFO CommandLineParser] parsing argument
[2021-11-10 18:43:13Z INFO CommandLineParser] HasArgs: False
[2021-11-10 18:43:13Z INFO CommandLineParser] Adding Command: configure
[2021-11-10 18:43:13Z INFO CommandLineParser] parsing argument
[2021-11-10 18:43:13Z INFO CommandLineParser] HasArgs: True
[2021-11-10 18:43:13Z INFO CommandLineParser] arg: url
[2021-11-10 18:43:13Z INFO CommandLineParser] parsing argument
[2021-11-10 18:43:13Z INFO CommandLineParser] HasArgs: True
[2021-11-10 18:43:13Z INFO CommandLineParser] Adding option 'url': 'https://github.com/hoangdangnhatkha/226MessageWebServer'
[2021-11-10 18:43:13Z INFO CommandLineParser] parsing argument
[2021-11-10 18:43:13Z INFO CommandLineParser] HasArgs: True
[2021-11-10 18:43:13Z INFO CommandLineParser] arg: token
[2021-11-10 18:43:13Z INFO CommandLineParser] parsing argument
[2021-11-10 18:43:13Z INFO CommandLineParser] HasArgs: True
[2021-11-10 18:43:13Z INFO CommandLineParser] Adding option 'token': '***'
[2021-11-10 18:43:13Z INFO Listener] Arguments parsed
[2021-11-10 18:43:13Z INFO Runner] ExecuteCommand
[2021-11-10 18:43:13Z INFO ConfigurationStore] currentAssemblyLocation: /home/student/226MessageWebServer/website/actions-runner/bin/Runner.Listener.dll
[2021-11-10 18:43:13Z INFO HostContext] Well known directory 'Bin': '/home/student/226MessageWebServer/website/actions-runner/bin'
[2021-11-10 18:43:13Z INFO ConfigurationStore] binPath: /home/student/226MessageWebServer/website/actions-runner/bin
[2021-11-10 18:43:13Z INFO HostContext] Well known directory 'Bin': '/home/student/226MessageWebServer/website/actions-runner/bin'
[2021-11-10 18:43:13Z INFO HostContext] Well known directory 'Root': '/home/student/226MessageWebServer/website/actions-runner'
[2021-11-10 18:43:13Z INFO ConfigurationStore] RootFolder: /home/student/226MessageWebServer/website/actions-runner
[2021-11-10 18:43:13Z INFO HostContext] Well known directory 'Bin': '/home/student/226MessageWebServer/website/actions-runner/bin'
[2021-11-10 18:43:13Z INFO HostContext] Well known directory 'Root': '/home/student/226MessageWebServer/website/actions-runner'
[2021-11-10 18:43:13Z INFO HostContext] Well known config file 'Runner': '/home/student/226MessageWebServer/website/actions-runner/.runner'
[2021-11-10 18:43:13Z INFO ConfigurationStore] ConfigFilePath: /home/student/226MessageWebServer/website/actions-runner/.runner
[2021-11-10 18:43:13Z INFO HostContext] Well known directory 'Bin': '/home/student/226MessageWebServer/website/actions-runner/bin'
[2021-11-10 18:43:13Z INFO HostContext] Well known directory 'Root': '/home/student/226MessageWebServer/website/actions-runner'
[2021-11-10 18:43:13Z INFO HostContext] Well known config file 'Credentials': '/home/student/226MessageWebServer/website/actions-runner/.credentials'
[2021-11-10 18:43:13Z INFO ConfigurationStore] CredFilePath: /home/student/226MessageWebServer/website/actions-runner/.credentials
[2021-11-10 18:43:13Z INFO HostContext] Well known directory 'Bin': '/home/student/226MessageWebServer/website/actions-runner/bin'
[2021-11-10 18:43:13Z INFO HostContext] Well known directory 'Root': '/home/student/226MessageWebServer/website/actions-runner'
[2021-11-10 18:43:13Z INFO HostContext] Well known config file 'MigratedCredentials': '/home/student/226MessageWebServer/website/actions-runner/.credentials_migrated'
[2021-11-10 18:43:13Z INFO ConfigurationStore] MigratedCredFilePath: /home/student/226MessageWebServer/website/actions-runner/.credentials_migrated
[2021-11-10 18:43:13Z INFO HostContext] Well known directory 'Bin': '/home/student/226MessageWebServer/website/actions-runner/bin'
[2021-11-10 18:43:13Z INFO HostContext] Well known directory 'Root': '/home/student/226MessageWebServer/website/actions-runner'
[2021-11-10 18:43:13Z INFO HostContext] Well known config file 'Service': '/home/student/226MessageWebServer/website/actions-runner/.service'
[2021-11-10 18:43:13Z INFO ConfigurationStore] ServiceConfigFilePath: /home/student/226MessageWebServer/website/actions-runner/.service
[2021-11-10 18:43:13Z INFO CommandSettings] Flag 'help': 'False'
[2021-11-10 18:43:13Z INFO CommandSettings] Flag 'version': 'False'
[2021-11-10 18:43:13Z INFO CommandSettings] Flag 'commit': 'False'
[2021-11-10 18:43:13Z INFO CommandSettings] Flag 'check': 'False'
[2021-11-10 18:43:13Z INFO CommandSettings] Command 'configure': 'True'
[2021-11-10 18:43:13Z INFO Terminal] WRITE LINE: 
[2021-11-10 18:43:13Z INFO Terminal] WRITE LINE: --------------------------------------------------------------------------------
[2021-11-10 18:43:13Z INFO Terminal] WRITE LINE: |        ____ _ _   _   _       _          _        _   _                      |
[2021-11-10 18:43:13Z INFO Terminal] WRITE LINE: |       / ___(_) |_| | | |_   _| |__      / \   ___| |_(_) ___  _ __  ___      |
[2021-11-10 18:43:13Z INFO Terminal] WRITE LINE: |      | |  _| | __| |_| | | | | '_ \    / _ \ / __| __| |/ _ \| '_ \/ __|     |
[2021-11-10 18:43:13Z INFO Terminal] WRITE LINE: |      | |_| | | |_|  _  | |_| | |_) |  / ___ \ (__| |_| | (_) | | | \__ \     |
[2021-11-10 18:43:13Z INFO Terminal] WRITE LINE: |       \____|_|\__|_| |_|\__,_|_.__/  /_/   \_\___|\__|_|\___/|_| |_|___/     |
[2021-11-10 18:43:13Z INFO Terminal] WRITE LINE: |                                                                              |
[2021-11-10 18:43:13Z INFO Terminal] WRITE: |                       
[2021-11-10 18:43:13Z INFO Terminal] WRITE: Self-hosted runner registration
[2021-11-10 18:43:13Z INFO Terminal] WRITE LINE:                         |
[2021-11-10 18:43:13Z INFO Terminal] WRITE LINE: |                                                                              |
[2021-11-10 18:43:13Z INFO Terminal] WRITE LINE: --------------------------------------------------------------------------------
[2021-11-10 18:43:13Z INFO ConfigurationManager] ConfigureAsync
[2021-11-10 18:43:13Z INFO ConfigurationStore] IsConfigured()
[2021-11-10 18:43:13Z INFO ConfigurationStore] IsConfigured: False
[2021-11-10 18:43:13Z INFO ConfigurationManager] Is configured: False
[2021-11-10 18:43:13Z INFO CommandSettings] Arg 'url': 'https://github.com/hoangdangnhatkha/226MessageWebServer'
[2021-11-10 18:43:13Z INFO CommandSettings] Remove url from Arg dictionary.
[2021-11-10 18:43:13Z INFO CommandSettings] Arg 'token': '***'
[2021-11-10 18:43:13Z INFO CommandSettings] Remove token from Arg dictionary.
[2021-11-10 18:43:14Z INFO ConfigurationManager] Http response code: OK from 'POST https://api.github.com/actions/runner-registration'
[2021-11-10 18:43:14Z INFO ConfigurationManager] cred retrieved via GitHub auth
[2021-11-10 18:43:14Z INFO RunnerServer] Establish connection with 100 seconds timeout.
[2021-11-10 18:43:14Z INFO GitHubActionsService] Starting operation Location.GetConnectionData
[2021-11-10 18:43:14Z INFO RunnerServer] Establish connection with 60 seconds timeout.
[2021-11-10 18:43:14Z INFO GitHubActionsService] Starting operation Location.GetConnectionData
[2021-11-10 18:43:14Z INFO RunnerServer] Establish connection with 60 seconds timeout.
[2021-11-10 18:43:14Z INFO GitHubActionsService] Starting operation Location.GetConnectionData
[2021-11-10 18:43:15Z INFO GitHubActionsService] Finished operation Location.GetConnectionData
[2021-11-10 18:43:15Z INFO GitHubActionsService] Finished operation Location.GetConnectionData
[2021-11-10 18:43:15Z INFO GitHubActionsService] Finished operation Location.GetConnectionData
[2021-11-10 18:43:17Z INFO Terminal] WRITE LINE: 
[2021-11-10 18:43:17Z INFO ConfigurationManager] Test Connection complete.
[2021-11-10 18:43:17Z INFO HostContext] Well known directory 'Bin': '/home/student/226MessageWebServer/website/actions-runner/bin'
[2021-11-10 18:43:17Z INFO HostContext] Well known directory 'Root': '/home/student/226MessageWebServer/website/actions-runner'
[2021-11-10 18:43:17Z INFO HostContext] Well known config file 'RSACredentials': '/home/student/226MessageWebServer/website/actions-runner/.credentials_rsaparams'
[2021-11-10 18:43:17Z INFO RSAFileKeyManager] Creating new RSA key using 2048-bit key length
[2021-11-10 18:43:18Z INFO RSAFileKeyManager] Successfully saved RSA key parameters to file /home/student/226MessageWebServer/website/actions-runner/.credentials_rsaparams
[2021-11-10 18:43:18Z INFO RSAFileKeyManager] Which: 'chmod'
[2021-11-10 18:43:18Z INFO RSAFileKeyManager] Location: '/usr/bin/chmod'
[2021-11-10 18:43:18Z INFO HostContext] Well known directory 'Bin': '/home/student/226MessageWebServer/website/actions-runner/bin'
[2021-11-10 18:43:18Z INFO HostContext] Well known directory 'Root': '/home/student/226MessageWebServer/website/actions-runner'
[2021-11-10 18:43:18Z INFO ProcessInvokerWrapper] Starting process:
[2021-11-10 18:43:18Z INFO ProcessInvokerWrapper]   File name: '/usr/bin/chmod'
[2021-11-10 18:43:18Z INFO ProcessInvokerWrapper]   Arguments: '600 /home/student/226MessageWebServer/website/actions-runner/.credentials_rsaparams'
[2021-11-10 18:43:18Z INFO ProcessInvokerWrapper]   Working directory: '/home/student/226MessageWebServer/website/actions-runner'
[2021-11-10 18:43:18Z INFO ProcessInvokerWrapper]   Require exit code zero: 'False'
[2021-11-10 18:43:18Z INFO ProcessInvokerWrapper]   Encoding web name:  ; code page: ''
[2021-11-10 18:43:18Z INFO ProcessInvokerWrapper]   Force kill process on cancellation: 'False'
[2021-11-10 18:43:18Z INFO ProcessInvokerWrapper]   Redirected STDIN: 'False'
[2021-11-10 18:43:18Z INFO ProcessInvokerWrapper]   Persist current code page: 'False'
[2021-11-10 18:43:18Z INFO ProcessInvokerWrapper]   Keep redirected STDIN open: 'False'
[2021-11-10 18:43:18Z INFO ProcessInvokerWrapper]   High priority process: 'False'
[2021-11-10 18:43:18Z INFO ProcessInvokerWrapper] Process started with process id 313274, waiting for process exit.
[2021-11-10 18:43:18Z INFO ProcessInvokerWrapper] STDOUT/STDERR stream read finished.
[2021-11-10 18:43:18Z INFO ProcessInvokerWrapper] STDOUT/STDERR stream read finished.
[2021-11-10 18:43:18Z INFO ProcessInvokerWrapper] Finished process 313274 with exit code 0, and elapsed time 00:00:00.0091823.
[2021-11-10 18:43:18Z INFO RSAFileKeyManager] Successfully set permissions for RSA key parameters file /home/student/226MessageWebServer/website/actions-runner/.credentials_rsaparams
[2021-11-10 18:43:18Z INFO CommandSettings] Arg 'runnergroup': ''
[2021-11-10 18:43:18Z INFO CommandSettings] Flag 'unattended': 'False'
[2021-11-10 18:43:18Z INFO PromptManager] ReadValue
[2021-11-10 18:43:18Z INFO Terminal] WRITE: Enter the name of the runner group to add this runner to: 
[2021-11-10 18:43:18Z INFO Terminal] WRITE: [press Enter for Default] 
[2021-11-10 18:43:18Z INFO Terminal] READ LINE
[2021-11-10 18:43:33Z INFO Terminal] Read value: ''
[2021-11-10 18:43:33Z INFO PromptManager] Falling back to the default: 'Default'
[2021-11-10 18:43:33Z INFO Terminal] WRITE LINE: 
[2021-11-10 18:43:33Z INFO ConfigurationManager] Found a self-hosted runner group with id 1 and name Default
[2021-11-10 18:43:33Z INFO CommandSettings] Flag 'ephemeral': 'False'
[2021-11-10 18:43:33Z INFO CommandSettings] Arg 'name': ''
[2021-11-10 18:43:33Z INFO CommandSettings] Flag 'unattended': 'False'
[2021-11-10 18:43:33Z INFO PromptManager] ReadValue
[2021-11-10 18:43:33Z INFO Terminal] WRITE: Enter the name of runner: 
[2021-11-10 18:43:33Z INFO Terminal] WRITE: [press Enter for ics226] 
[2021-11-10 18:43:33Z INFO Terminal] READ LINE
[2021-11-10 18:43:33Z INFO Terminal] Read value: ''
[2021-11-10 18:43:33Z INFO PromptManager] Falling back to the default: 'ics226'
[2021-11-10 18:43:33Z INFO Terminal] WRITE LINE: 
[2021-11-10 18:43:33Z INFO CommandSettings] Arg 'labels': ''
[2021-11-10 18:43:33Z INFO CommandSettings] Flag 'unattended': 'False'
[2021-11-10 18:43:33Z INFO PromptManager] ReadValue
[2021-11-10 18:43:33Z INFO Terminal] WRITE: This runner will have the following labels: 'self-hosted', 'Linux', 'X64' 
Enter any additional labels (ex. label-1,label-2): 
[2021-11-10 18:43:33Z INFO Terminal] WRITE: [press Enter to skip] 
[2021-11-10 18:43:33Z INFO Terminal] READ LINE
[2021-11-10 18:43:33Z INFO Terminal] Read value: ''
[2021-11-10 18:43:33Z INFO Terminal] WRITE LINE: 
[2021-11-10 18:43:34Z INFO ConfigurationStore] Saving OAuth credential @ /home/student/226MessageWebServer/website/actions-runner/.credentials
[2021-11-10 18:43:34Z INFO ConfigurationStore] Credentials Saved.
[2021-11-10 18:43:34Z INFO ConfigurationStore] HasCredentials()
[2021-11-10 18:43:34Z INFO ConfigurationStore] stored True
[2021-11-10 18:43:34Z INFO CredentialManager] GetCredentialProvider
[2021-11-10 18:43:34Z INFO CredentialManager] Creating type OAuth
[2021-11-10 18:43:34Z INFO CredentialManager] Creating credential type: OAuth
[2021-11-10 18:43:34Z INFO RSAFileKeyManager] Loading RSA key parameters from file /home/student/226MessageWebServer/website/actions-runner/.credentials_rsaparams
[2021-11-10 18:43:34Z INFO RunnerServer] Establish connection with 100 seconds timeout.
[2021-11-10 18:43:34Z INFO GitHubActionsService] Starting operation Location.GetConnectionData
[2021-11-10 18:43:34Z INFO RunnerServer] Establish connection with 60 seconds timeout.
[2021-11-10 18:43:34Z INFO GitHubActionsService] Starting operation Location.GetConnectionData
[2021-11-10 18:43:34Z INFO RunnerServer] Establish connection with 60 seconds timeout.
[2021-11-10 18:43:34Z INFO GitHubActionsService] Starting operation Location.GetConnectionData
[2021-11-10 18:43:35Z INFO GitHubActionsService] Finished operation Location.GetConnectionData
[2021-11-10 18:43:35Z INFO GitHubActionsService] Finished operation Location.GetConnectionData
[2021-11-10 18:43:35Z INFO GitHubActionsService] Finished operation Location.GetConnectionData
[2021-11-10 18:43:37Z WARN GitHubActionsService] Authentication failed with status code 401.
WWW-Authenticate: Bearer
Strict-Transport-Security: max-age=2592000
X-TFS-ProcessId: 8bf35de7-22f1-45cb-aa66-9dad1977a281
ActivityId: 9e30bd75-aa91-4699-a849-9092d9236f8c
X-TFS-Session: 650db91f-28ad-4fd6-89ba-663ad8b4543f
X-VSS-E2EID: 526fed6b-18d1-4fb9-8e0d-6e1e886c7182
X-VSS-SenderDeploymentId: 13a19993-c6bc-326c-afb4-32c5519f46f0
X-TFS-ServiceError: The+user+%27System%3aPublicAccess%3baaaaaaaa-aaaa-aaaa-aaaa-aaaaaaaaaaaa%27+is+not+authorized+to+access+this+resource.
X-VSS-S2STargetService: 0000005A-0000-8888-8000-000000000000/visualstudio.com
X-Cache: CONFIG_NOCACHE
X-MSEdge-Ref: Ref A: C347C23EC7F9466F87FBE4476A00EE69 Ref B: WSTEDGE1019 Ref C: 2021-11-10T18:43:37Z
Date: Wed, 10 Nov 2021 18:43:36 GMT

[2021-11-10 18:43:37Z INFO RSAFileKeyManager] Loading RSA key parameters from file /home/student/226MessageWebServer/website/actions-runner/.credentials_rsaparams
[2021-11-10 18:43:37Z INFO RSAFileKeyManager] Loading RSA key parameters from file /home/student/226MessageWebServer/website/actions-runner/.credentials_rsaparams
[2021-11-10 18:43:37Z INFO GitHubActionsService] AAD Correlation ID for this token request: Unknown
[2021-11-10 18:43:37Z INFO CommandSettings] Arg 'work': ''
[2021-11-10 18:43:37Z INFO CommandSettings] Flag 'unattended': 'False'
[2021-11-10 18:43:37Z INFO PromptManager] ReadValue
[2021-11-10 18:43:37Z INFO Terminal] WRITE: Enter name of work folder: 
[2021-11-10 18:43:37Z INFO Terminal] WRITE: [press Enter for _work] 
[2021-11-10 18:43:37Z INFO Terminal] READ LINE
[2021-11-10 18:43:37Z INFO Terminal] Read value: ''
[2021-11-10 18:43:37Z INFO PromptManager] Falling back to the default: '_work'
[2021-11-10 18:43:37Z INFO ConfigurationStore] Saving runner settings.
[2021-11-10 18:43:37Z INFO ConfigurationStore] Settings Saved.
[2021-11-10 18:43:37Z INFO Terminal] WRITE LINE: 
[2021-11-10 18:43:37Z INFO Terminal] WRITE LINE: 
[2021-11-10 18:43:37Z INFO SystemDControlManager] Service name 'actions.runner.hoangdangnhatkha-226MessageWebServer.ics226.service' display name 'GitHub Actions Runner (hoangdangnhatkha-226MessageWebServer.ics226)' will be used for service configuration.
[2021-11-10 18:43:37Z INFO HostContext] Well known directory 'Bin': '/home/student/226MessageWebServer/website/actions-runner/bin'
[2021-11-10 18:43:37Z INFO HostContext] Well known directory 'Root': '/home/student/226MessageWebServer/website/actions-runner'
[2021-11-10 18:43:37Z INFO HostContext] Well known directory 'Bin': '/home/student/226MessageWebServer/website/actions-runner/bin'
[2021-11-10 18:43:37Z INFO HostContext] Well known directory 'Bin': '/home/student/226MessageWebServer/website/actions-runner/bin'
[2021-11-10 18:43:37Z INFO HostContext] Well known directory 'Root': '/home/student/226MessageWebServer/website/actions-runner'
[2021-11-10 18:43:37Z INFO UnixUtil] Which: 'chmod'
[2021-11-10 18:43:37Z INFO UnixUtil] Location: '/usr/bin/chmod'
[2021-11-10 18:43:37Z INFO UnixUtil] Running /usr/bin/chmod 755 "/home/student/226MessageWebServer/website/actions-runner/svc.sh"
[2021-11-10 18:43:37Z INFO ProcessInvokerWrapper] Starting process:
[2021-11-10 18:43:37Z INFO ProcessInvokerWrapper]   File name: '/usr/bin/chmod'
[2021-11-10 18:43:37Z INFO ProcessInvokerWrapper]   Arguments: '755 "/home/student/226MessageWebServer/website/actions-runner/svc.sh"'
[2021-11-10 18:43:37Z INFO ProcessInvokerWrapper]   Working directory: '/home/student/226MessageWebServer/website/actions-runner'
[2021-11-10 18:43:37Z INFO ProcessInvokerWrapper]   Require exit code zero: 'True'
[2021-11-10 18:43:37Z INFO ProcessInvokerWrapper]   Encoding web name:  ; code page: ''
[2021-11-10 18:43:37Z INFO ProcessInvokerWrapper]   Force kill process on cancellation: 'False'
[2021-11-10 18:43:37Z INFO ProcessInvokerWrapper]   Redirected STDIN: 'False'
[2021-11-10 18:43:37Z INFO ProcessInvokerWrapper]   Persist current code page: 'False'
[2021-11-10 18:43:37Z INFO ProcessInvokerWrapper]   Keep redirected STDIN open: 'False'
[2021-11-10 18:43:37Z INFO ProcessInvokerWrapper]   High priority process: 'False'
[2021-11-10 18:43:37Z INFO ProcessInvokerWrapper] Updated oom_score_adj to 500 for PID: 313329.
[2021-11-10 18:43:37Z INFO ProcessInvokerWrapper] Process started with process id 313329, waiting for process exit.
[2021-11-10 18:43:37Z INFO ProcessInvokerWrapper] STDOUT/STDERR stream read finished.
[2021-11-10 18:43:37Z INFO ProcessInvokerWrapper] STDOUT/STDERR stream read finished.
[2021-11-10 18:43:37Z INFO ProcessInvokerWrapper] Finished process 313329 with exit code 0, and elapsed time 00:00:00.0024469.
[2021-11-10 18:43:37Z INFO Listener] Runner execution has finished with return code 0
