[2021-11-10 18:53:24Z INFO HostContext] No proxy settings were found based on environmental variables (http_proxy/https_proxy/HTTP_PROXY/HTTPS_PROXY)
[2021-11-10 18:53:24Z INFO HostContext] Well known directory 'Bin': '/home/student/226MessageWebServer/actions-runner/bin'
[2021-11-10 18:53:24Z INFO HostContext] Well known directory 'Root': '/home/student/226MessageWebServer/actions-runner'
[2021-11-10 18:53:24Z INFO HostContext] Well known config file 'Credentials': '/home/student/226MessageWebServer/actions-runner/.credentials'
[2021-11-10 18:53:24Z INFO Listener] Runner is built for Linux (X64) - linux-x64.
[2021-11-10 18:53:24Z INFO Listener] RuntimeInformation: Linux 5.4.0-81-generic #91-Ubuntu SMP Thu Jul 15 19:09:17 UTC 2021.
[2021-11-10 18:53:24Z INFO Listener] Version: 2.284.0
[2021-11-10 18:53:24Z INFO Listener] Commit: 9027c154d05776c16f6df6c0345bc9ec20440ebe
[2021-11-10 18:53:24Z INFO Listener] Culture: en-US
[2021-11-10 18:53:24Z INFO Listener] UI Culture: en-US
[2021-11-10 18:53:24Z INFO HostContext] Well known directory 'Bin': '/home/student/226MessageWebServer/actions-runner/bin'
[2021-11-10 18:53:24Z INFO HostContext] Well known directory 'Root': '/home/student/226MessageWebServer/actions-runner'
[2021-11-10 18:53:24Z INFO Listener] Validating directory permissions for: '/home/student/226MessageWebServer/actions-runner'
[2021-11-10 18:53:24Z INFO CommandLineParser] Parse
[2021-11-10 18:53:24Z INFO CommandLineParser] Parsing 1 args
[2021-11-10 18:53:24Z INFO CommandLineParser] parsing argument
[2021-11-10 18:53:24Z INFO CommandLineParser] HasArgs: False
[2021-11-10 18:53:24Z INFO CommandLineParser] Adding Command: run
[2021-11-10 18:53:24Z INFO Listener] Arguments parsed
[2021-11-10 18:53:24Z INFO Runner] ExecuteCommand
[2021-11-10 18:53:24Z INFO ConfigurationStore] currentAssemblyLocation: /home/student/226MessageWebServer/actions-runner/bin/Runner.Listener.dll
[2021-11-10 18:53:24Z INFO HostContext] Well known directory 'Bin': '/home/student/226MessageWebServer/actions-runner/bin'
[2021-11-10 18:53:24Z INFO ConfigurationStore] binPath: /home/student/226MessageWebServer/actions-runner/bin
[2021-11-10 18:53:24Z INFO HostContext] Well known directory 'Bin': '/home/student/226MessageWebServer/actions-runner/bin'
[2021-11-10 18:53:24Z INFO HostContext] Well known directory 'Root': '/home/student/226MessageWebServer/actions-runner'
[2021-11-10 18:53:24Z INFO ConfigurationStore] RootFolder: /home/student/226MessageWebServer/actions-runner
[2021-11-10 18:53:24Z INFO HostContext] Well known directory 'Bin': '/home/student/226MessageWebServer/actions-runner/bin'
[2021-11-10 18:53:24Z INFO HostContext] Well known directory 'Root': '/home/student/226MessageWebServer/actions-runner'
[2021-11-10 18:53:24Z INFO HostContext] Well known config file 'Runner': '/home/student/226MessageWebServer/actions-runner/.runner'
[2021-11-10 18:53:24Z INFO ConfigurationStore] ConfigFilePath: /home/student/226MessageWebServer/actions-runner/.runner
[2021-11-10 18:53:24Z INFO HostContext] Well known directory 'Bin': '/home/student/226MessageWebServer/actions-runner/bin'
[2021-11-10 18:53:24Z INFO HostContext] Well known directory 'Root': '/home/student/226MessageWebServer/actions-runner'
[2021-11-10 18:53:24Z INFO HostContext] Well known config file 'Credentials': '/home/student/226MessageWebServer/actions-runner/.credentials'
[2021-11-10 18:53:24Z INFO ConfigurationStore] CredFilePath: /home/student/226MessageWebServer/actions-runner/.credentials
[2021-11-10 18:53:24Z INFO HostContext] Well known directory 'Bin': '/home/student/226MessageWebServer/actions-runner/bin'
[2021-11-10 18:53:24Z INFO HostContext] Well known directory 'Root': '/home/student/226MessageWebServer/actions-runner'
[2021-11-10 18:53:24Z INFO HostContext] Well known config file 'MigratedCredentials': '/home/student/226MessageWebServer/actions-runner/.credentials_migrated'
[2021-11-10 18:53:24Z INFO ConfigurationStore] MigratedCredFilePath: /home/student/226MessageWebServer/actions-runner/.credentials_migrated
[2021-11-10 18:53:24Z INFO HostContext] Well known directory 'Bin': '/home/student/226MessageWebServer/actions-runner/bin'
[2021-11-10 18:53:24Z INFO HostContext] Well known directory 'Root': '/home/student/226MessageWebServer/actions-runner'
[2021-11-10 18:53:24Z INFO HostContext] Well known config file 'Service': '/home/student/226MessageWebServer/actions-runner/.service'
[2021-11-10 18:53:24Z INFO ConfigurationStore] ServiceConfigFilePath: /home/student/226MessageWebServer/actions-runner/.service
[2021-11-10 18:53:24Z INFO CommandSettings] Flag 'help': 'False'
[2021-11-10 18:53:24Z INFO CommandSettings] Flag 'version': 'False'
[2021-11-10 18:53:24Z INFO CommandSettings] Flag 'commit': 'False'
[2021-11-10 18:53:24Z INFO CommandSettings] Flag 'check': 'False'
[2021-11-10 18:53:24Z INFO CommandSettings] Command 'configure': 'False'
[2021-11-10 18:53:24Z INFO CommandSettings] Command 'remove': 'False'
[2021-11-10 18:53:24Z INFO CommandSettings] Command 'warmup': 'False'
[2021-11-10 18:53:24Z INFO ConfigurationManager] LoadSettings
[2021-11-10 18:53:24Z INFO ConfigurationStore] IsConfigured()
[2021-11-10 18:53:24Z INFO ConfigurationStore] IsConfigured: True
[2021-11-10 18:53:24Z INFO ConfigurationManager] Is configured: True
[2021-11-10 18:53:24Z INFO ConfigurationStore] Read setting file: 299 chars
[2021-11-10 18:53:24Z INFO ConfigurationManager] Settings Loaded
[2021-11-10 18:53:24Z INFO ConfigurationStore] IsServiceConfigured()
[2021-11-10 18:53:24Z INFO ConfigurationStore] IsServiceConfigured: False
[2021-11-10 18:53:24Z INFO CommandSettings] Command 'run': 'True'
[2021-11-10 18:53:24Z INFO ConfigurationStore] IsConfigured()
[2021-11-10 18:53:24Z INFO ConfigurationStore] IsConfigured: True
[2021-11-10 18:53:24Z INFO ConfigurationManager] Is configured: True
[2021-11-10 18:53:24Z INFO Runner] Could not parse the argument value '' for StartupType. Defaulting to Manual
[2021-11-10 18:53:24Z INFO Runner] Set runner startup type - Manual
[2021-11-10 18:53:24Z INFO CommandSettings] Flag 'once': 'False'
[2021-11-10 18:53:24Z INFO CommandSettings] Flag 'once': 'False'
[2021-11-10 18:53:24Z INFO Runner] RunAsync
[2021-11-10 18:53:24Z INFO ConfigurationManager] LoadSettings
[2021-11-10 18:53:24Z INFO ConfigurationStore] IsConfigured()
[2021-11-10 18:53:24Z INFO ConfigurationStore] IsConfigured: True
[2021-11-10 18:53:24Z INFO ConfigurationManager] Is configured: True
[2021-11-10 18:53:24Z INFO ConfigurationManager] Settings Loaded
[2021-11-10 18:53:24Z INFO MessageListener] {
  "AgentId": 2,
  "AgentName": "ics226",
  "PoolId": 1,
  "PoolName": "Default",
  "ServerUrl": "https://pipelines.actions.githubusercontent.com/Ax0Ej6jhyj4ZtQzoHXEbkH0BeyDq8whKqU8oAVKsNSbCVBwj6I",
  "GitHubUrl": "https://github.com/hoangdangnhatkha/226MessageWebServer",
  "WorkFolder": "_work"
}
[2021-11-10 18:53:24Z INFO MessageListener] Loading Credentials
[2021-11-10 18:53:24Z INFO ConfigurationStore] HasCredentials()
[2021-11-10 18:53:24Z INFO ConfigurationStore] stored True
[2021-11-10 18:53:24Z INFO CredentialManager] GetCredentialProvider
[2021-11-10 18:53:24Z INFO CredentialManager] Creating type OAuth
[2021-11-10 18:53:24Z INFO CredentialManager] Creating credential type: OAuth
[2021-11-10 18:53:24Z INFO HostContext] Well known directory 'Bin': '/home/student/226MessageWebServer/actions-runner/bin'
[2021-11-10 18:53:24Z INFO HostContext] Well known directory 'Root': '/home/student/226MessageWebServer/actions-runner'
[2021-11-10 18:53:24Z INFO HostContext] Well known config file 'RSACredentials': '/home/student/226MessageWebServer/actions-runner/.credentials_rsaparams'
[2021-11-10 18:53:24Z INFO RSAFileKeyManager] Loading RSA key parameters from file /home/student/226MessageWebServer/actions-runner/.credentials_rsaparams
[2021-11-10 18:53:24Z INFO MessageListener] Attempt to create session.
[2021-11-10 18:53:24Z INFO MessageListener] Connecting to the Runner Server...
[2021-11-10 18:53:24Z INFO RunnerServer] Establish connection with 100 seconds timeout.
[2021-11-10 18:53:24Z INFO GitHubActionsService] Starting operation Location.GetConnectionData
[2021-11-10 18:53:24Z INFO RunnerServer] Establish connection with 60 seconds timeout.
[2021-11-10 18:53:24Z INFO GitHubActionsService] Starting operation Location.GetConnectionData
[2021-11-10 18:53:24Z INFO RunnerServer] Establish connection with 60 seconds timeout.
[2021-11-10 18:53:24Z INFO GitHubActionsService] Starting operation Location.GetConnectionData
[2021-11-10 18:53:25Z INFO GitHubActionsService] Finished operation Location.GetConnectionData
[2021-11-10 18:53:25Z INFO GitHubActionsService] Finished operation Location.GetConnectionData
[2021-11-10 18:53:25Z INFO GitHubActionsService] Finished operation Location.GetConnectionData
[2021-11-10 18:53:27Z INFO MessageListener] VssConnection created
[2021-11-10 18:53:27Z INFO Terminal] WRITE LINE: 
[2021-11-10 18:53:27Z INFO Terminal] WRITE LINE: 
[2021-11-10 18:53:27Z WARN GitHubActionsService] Authentication failed with status code 401.
Transfer-Encoding: chunked
WWW-Authenticate: Bearer
Strict-Transport-Security: max-age=2592000
X-TFS-ProcessId: 8bf35de7-22f1-45cb-aa66-9dad1977a281
ActivityId: 9e3426ff-aa91-4699-a849-9092d9236f8c
X-TFS-Session: 5ee622ee-4ea1-4d2b-8732-f97eeba1daf3
X-VSS-E2EID: 0b03fd54-f675-43a6-bf35-a9fe8b5005db
X-VSS-SenderDeploymentId: 13a19993-c6bc-326c-afb4-32c5519f46f0
X-TFS-ServiceError: The+user+%27System%3aPublicAccess%3baaaaaaaa-aaaa-aaaa-aaaa-aaaaaaaaaaaa%27+is+not+authorized+to+access+this+resource.
X-VSS-S2STargetService: 0000005A-0000-8888-8000-000000000000/visualstudio.com
X-Cache: CONFIG_NOCACHE
X-MSEdge-Ref: Ref A: B3FF305A7BBC4AE69D505FACAA1D8EE7 Ref B: WSTEDGE0916 Ref C: 2021-11-10T18:53:27Z
Date: Wed, 10 Nov 2021 18:53:26 GMT

[2021-11-10 18:53:27Z INFO RSAFileKeyManager] Loading RSA key parameters from file /home/student/226MessageWebServer/actions-runner/.credentials_rsaparams
[2021-11-10 18:53:27Z INFO RSAFileKeyManager] Loading RSA key parameters from file /home/student/226MessageWebServer/actions-runner/.credentials_rsaparams
[2021-11-10 18:53:27Z INFO GitHubActionsService] AAD Correlation ID for this token request: Unknown
[2021-11-10 18:53:28Z INFO MessageListener] Session created.
[2021-11-10 18:53:28Z INFO Terminal] WRITE LINE: Current runner version: '2.284.0'
[2021-11-10 18:53:28Z INFO Terminal] WRITE LINE: 2021-11-10 18:53:28Z: Listening for Jobs
[2021-11-10 18:53:28Z INFO JobDispatcher] Set runner/worker IPC timeout to 30 seconds.
[2021-11-10 18:53:31Z INFO RSAFileKeyManager] Loading RSA key parameters from file /home/student/226MessageWebServer/actions-runner/.credentials_rsaparams
[2021-11-10 18:53:31Z INFO MessageListener] Message '2' received from session '9a17fd0e-c812-4fc5-98c1-9c45ed8a03b2'.
[2021-11-10 18:53:31Z INFO JobDispatcher] Job request 2 for plan f89a9eaa-86e0-4ca0-a652-957b21890871 job ca395085-040a-526b-2ce8-bdc85f692774 received.
[2021-11-10 18:53:31Z INFO JobDispatcher] Pull OrchestrationId f89a9eaa-86e0-4ca0-a652-957b21890871.build.__default from JWT claims
[2021-11-10 18:53:31Z INFO Terminal] WRITE LINE: 2021-11-10 18:53:31Z: Running job: build
[2021-11-10 18:53:31Z INFO JobDispatcher] Start renew job request 2 for job ca395085-040a-526b-2ce8-bdc85f692774.
[2021-11-10 18:53:32Z INFO JobDispatcher] Successfully renew job request 2, job is valid till 11/10/2021 7:03:32 PM
[2021-11-10 18:53:32Z INFO HostContext] Well known directory 'Bin': '/home/student/226MessageWebServer/actions-runner/bin'
[2021-11-10 18:53:32Z INFO ProcessInvokerWrapper] Starting process:
[2021-11-10 18:53:32Z INFO ProcessInvokerWrapper]   File name: '/home/student/226MessageWebServer/actions-runner/bin/Runner.Worker'
[2021-11-10 18:53:32Z INFO ProcessInvokerWrapper]   Arguments: 'spawnclient 101 104'
[2021-11-10 18:53:32Z INFO ProcessInvokerWrapper]   Working directory: '/home/student/226MessageWebServer/actions-runner/bin'
[2021-11-10 18:53:32Z INFO ProcessInvokerWrapper]   Require exit code zero: 'False'
[2021-11-10 18:53:32Z INFO ProcessInvokerWrapper]   Encoding web name:  ; code page: ''
[2021-11-10 18:53:32Z INFO ProcessInvokerWrapper]   Force kill process on cancellation: 'True'
[2021-11-10 18:53:32Z INFO ProcessInvokerWrapper]   Redirected STDIN: 'False'
[2021-11-10 18:53:32Z INFO ProcessInvokerWrapper]   Persist current code page: 'False'
[2021-11-10 18:53:32Z INFO ProcessInvokerWrapper]   Keep redirected STDIN open: 'False'
[2021-11-10 18:53:32Z INFO ProcessInvokerWrapper]   High priority process: 'True'
[2021-11-10 18:53:32Z INFO ProcessInvokerWrapper] Process started with process id 314272, waiting for process exit.
[2021-11-10 18:53:32Z INFO JobDispatcher] Send job request message to worker for job ca395085-040a-526b-2ce8-bdc85f692774.
[2021-11-10 18:53:32Z INFO ProcessChannel] Sending message of length 20518, with hash 'f50bd17d3fb0f188456d7718057891e09cb66bcb2e2e2f4c4935e984a9231f9a'
[2021-11-10 18:53:32Z INFO JobNotification] Entering JobStarted Notification
[2021-11-10 18:53:32Z INFO JobNotification] Entering StartMonitor
[2021-11-10 18:53:43Z INFO ProcessInvokerWrapper] STDOUT/STDERR stream read finished.
[2021-11-10 18:53:43Z INFO ProcessInvokerWrapper] STDOUT/STDERR stream read finished.
[2021-11-10 18:53:43Z INFO ProcessInvokerWrapper] Finished process 314272 with exit code 102, and elapsed time 00:00:11.1660016.
[2021-11-10 18:53:43Z INFO JobDispatcher] Worker finished for job ca395085-040a-526b-2ce8-bdc85f692774. Code: 102
[2021-11-10 18:53:43Z INFO JobDispatcher] finish job request for job ca395085-040a-526b-2ce8-bdc85f692774 with result: Failed
[2021-11-10 18:53:43Z INFO Terminal] WRITE LINE: 2021-11-10 18:53:43Z: Job build completed with result: Failed
[2021-11-10 18:53:43Z INFO JobDispatcher] Stop renew job request for job ca395085-040a-526b-2ce8-bdc85f692774.
[2021-11-10 18:53:43Z INFO JobDispatcher] job renew has been canceled, stop renew job request 2.
[2021-11-10 18:53:43Z INFO JobNotification] Entering JobCompleted Notification
[2021-11-10 18:53:43Z INFO JobNotification] Entering EndMonitor
[2021-11-10 18:57:16Z INFO RSAFileKeyManager] Loading RSA key parameters from file /home/student/226MessageWebServer/actions-runner/.credentials_rsaparams
[2021-11-10 18:57:16Z INFO MessageListener] Message '3' received from session '9a17fd0e-c812-4fc5-98c1-9c45ed8a03b2'.
[2021-11-10 18:57:16Z INFO JobDispatcher] Job request 3 for plan 969099f2-9f61-4cb2-a08e-50bc1942798b job ca395085-040a-526b-2ce8-bdc85f692774 received.
[2021-11-10 18:57:16Z INFO JobDispatcher] Pull OrchestrationId 969099f2-9f61-4cb2-a08e-50bc1942798b.build.__default from JWT claims
[2021-11-10 18:57:16Z INFO JobDispatcher] Job request ca395085-040a-526b-2ce8-bdc85f692774 processed succeed.
[2021-11-10 18:57:16Z INFO Terminal] WRITE LINE: 2021-11-10 18:57:16Z: Running job: build
[2021-11-10 18:57:16Z INFO JobDispatcher] Start renew job request 3 for job ca395085-040a-526b-2ce8-bdc85f692774.
[2021-11-10 18:57:16Z INFO JobDispatcher] Successfully renew job request 3, job is valid till 11/10/2021 7:07:16 PM
[2021-11-10 18:57:16Z INFO HostContext] Well known directory 'Bin': '/home/student/226MessageWebServer/actions-runner/bin'
[2021-11-10 18:57:16Z INFO ProcessInvokerWrapper] Starting process:
[2021-11-10 18:57:16Z INFO ProcessInvokerWrapper]   File name: '/home/student/226MessageWebServer/actions-runner/bin/Runner.Worker'
[2021-11-10 18:57:16Z INFO ProcessInvokerWrapper]   Arguments: 'spawnclient 97 103'
[2021-11-10 18:57:16Z INFO ProcessInvokerWrapper]   Working directory: '/home/student/226MessageWebServer/actions-runner/bin'
[2021-11-10 18:57:16Z INFO ProcessInvokerWrapper]   Require exit code zero: 'False'
[2021-11-10 18:57:16Z INFO ProcessInvokerWrapper]   Encoding web name:  ; code page: ''
[2021-11-10 18:57:16Z INFO ProcessInvokerWrapper]   Force kill process on cancellation: 'True'
[2021-11-10 18:57:16Z INFO ProcessInvokerWrapper]   Redirected STDIN: 'False'
[2021-11-10 18:57:16Z INFO ProcessInvokerWrapper]   Persist current code page: 'False'
[2021-11-10 18:57:16Z INFO ProcessInvokerWrapper]   Keep redirected STDIN open: 'False'
[2021-11-10 18:57:16Z INFO ProcessInvokerWrapper]   High priority process: 'True'
[2021-11-10 18:57:16Z INFO ProcessInvokerWrapper] Process started with process id 314521, waiting for process exit.
[2021-11-10 18:57:16Z INFO JobDispatcher] Send job request message to worker for job ca395085-040a-526b-2ce8-bdc85f692774.
[2021-11-10 18:57:16Z INFO ProcessChannel] Sending message of length 20528, with hash '88a2fb1071a796c7ecae1a10291d0c7cc87d9aedb42cf5428663f2e39429d599'
[2021-11-10 18:57:16Z INFO JobNotification] Entering JobStarted Notification
[2021-11-10 18:57:16Z INFO JobNotification] Entering StartMonitor
[2021-11-10 18:57:57Z INFO ProcessInvokerWrapper] STDOUT/STDERR stream read finished.
[2021-11-10 18:57:57Z INFO ProcessInvokerWrapper] STDOUT/STDERR stream read finished.
[2021-11-10 18:57:57Z INFO ProcessInvokerWrapper] Finished process 314521 with exit code 102, and elapsed time 00:00:40.8516264.
[2021-11-10 18:57:57Z INFO JobDispatcher] Worker finished for job ca395085-040a-526b-2ce8-bdc85f692774. Code: 102
[2021-11-10 18:57:57Z INFO JobDispatcher] finish job request for job ca395085-040a-526b-2ce8-bdc85f692774 with result: Failed
[2021-11-10 18:57:57Z INFO Terminal] WRITE LINE: 2021-11-10 18:57:57Z: Job build completed with result: Failed
[2021-11-10 18:57:57Z INFO JobDispatcher] Stop renew job request for job ca395085-040a-526b-2ce8-bdc85f692774.
[2021-11-10 18:57:57Z INFO JobDispatcher] job renew has been canceled, stop renew job request 3.
[2021-11-10 18:57:57Z INFO JobNotification] Entering JobCompleted Notification
[2021-11-10 18:57:57Z INFO JobNotification] Entering EndMonitor
[2021-11-10 18:59:54Z INFO RSAFileKeyManager] Loading RSA key parameters from file /home/student/226MessageWebServer/actions-runner/.credentials_rsaparams
[2021-11-10 18:59:54Z INFO MessageListener] Message '4' received from session '9a17fd0e-c812-4fc5-98c1-9c45ed8a03b2'.
[2021-11-10 18:59:54Z INFO JobDispatcher] Job request 4 for plan c3c3a0fc-7932-4e11-98a4-6a2fb16da6be job ca395085-040a-526b-2ce8-bdc85f692774 received.
[2021-11-10 18:59:54Z INFO JobDispatcher] Pull OrchestrationId c3c3a0fc-7932-4e11-98a4-6a2fb16da6be.build.__default from JWT claims
[2021-11-10 18:59:54Z INFO JobDispatcher] Job request ca395085-040a-526b-2ce8-bdc85f692774 processed succeed.
[2021-11-10 18:59:54Z INFO Terminal] WRITE LINE: 2021-11-10 18:59:54Z: Running job: build
[2021-11-10 18:59:54Z INFO JobDispatcher] Start renew job request 4 for job ca395085-040a-526b-2ce8-bdc85f692774.
[2021-11-10 18:59:55Z INFO JobDispatcher] Successfully renew job request 4, job is valid till 11/10/2021 7:09:54 PM
[2021-11-10 18:59:55Z INFO HostContext] Well known directory 'Bin': '/home/student/226MessageWebServer/actions-runner/bin'
[2021-11-10 18:59:55Z INFO ProcessInvokerWrapper] Starting process:
[2021-11-10 18:59:55Z INFO ProcessInvokerWrapper]   File name: '/home/student/226MessageWebServer/actions-runner/bin/Runner.Worker'
[2021-11-10 18:59:55Z INFO ProcessInvokerWrapper]   Arguments: 'spawnclient 97 103'
[2021-11-10 18:59:55Z INFO ProcessInvokerWrapper]   Working directory: '/home/student/226MessageWebServer/actions-runner/bin'
[2021-11-10 18:59:55Z INFO ProcessInvokerWrapper]   Require exit code zero: 'False'
[2021-11-10 18:59:55Z INFO ProcessInvokerWrapper]   Encoding web name:  ; code page: ''
[2021-11-10 18:59:55Z INFO ProcessInvokerWrapper]   Force kill process on cancellation: 'True'
[2021-11-10 18:59:55Z INFO ProcessInvokerWrapper]   Redirected STDIN: 'False'
[2021-11-10 18:59:55Z INFO ProcessInvokerWrapper]   Persist current code page: 'False'
[2021-11-10 18:59:55Z INFO ProcessInvokerWrapper]   Keep redirected STDIN open: 'False'
[2021-11-10 18:59:55Z INFO ProcessInvokerWrapper]   High priority process: 'True'
[2021-11-10 18:59:55Z INFO ProcessInvokerWrapper] Process started with process id 314821, waiting for process exit.
[2021-11-10 18:59:55Z INFO JobDispatcher] Send job request message to worker for job ca395085-040a-526b-2ce8-bdc85f692774.
[2021-11-10 18:59:55Z INFO ProcessChannel] Sending message of length 20518, with hash 'df3a9069fddfcb13d75c961e60639bfa11d981f7fd04d65cdaeb3b40eb961b9d'
[2021-11-10 18:59:55Z INFO JobNotification] Entering JobStarted Notification
[2021-11-10 18:59:55Z INFO JobNotification] Entering StartMonitor
[2021-11-10 19:00:10Z INFO ProcessInvokerWrapper] STDOUT/STDERR stream read finished.
[2021-11-10 19:00:10Z INFO ProcessInvokerWrapper] STDOUT/STDERR stream read finished.
[2021-11-10 19:00:10Z INFO ProcessInvokerWrapper] Finished process 314821 with exit code 102, and elapsed time 00:00:15.3046322.
[2021-11-10 19:00:10Z INFO JobDispatcher] Worker finished for job ca395085-040a-526b-2ce8-bdc85f692774. Code: 102
[2021-11-10 19:00:10Z INFO JobDispatcher] finish job request for job ca395085-040a-526b-2ce8-bdc85f692774 with result: Failed
[2021-11-10 19:00:10Z INFO Terminal] WRITE LINE: 2021-11-10 19:00:10Z: Job build completed with result: Failed
[2021-11-10 19:00:10Z INFO JobDispatcher] Stop renew job request for job ca395085-040a-526b-2ce8-bdc85f692774.
[2021-11-10 19:00:10Z INFO JobDispatcher] job renew has been canceled, stop renew job request 4.
[2021-11-10 19:00:10Z INFO JobNotification] Entering JobCompleted Notification
[2021-11-10 19:00:10Z INFO JobNotification] Entering EndMonitor
[2021-11-10 19:30:00Z INFO MessageListener] No message retrieved from session '9a17fd0e-c812-4fc5-98c1-9c45ed8a03b2' within last 30 minutes.
[2021-11-10 19:49:13Z WARN GitHubActionsService] Authentication failed with status code 401.
WWW-Authenticate: Bearer
Strict-Transport-Security: max-age=2592000
X-TFS-ProcessId: 3a9ce0c2-ecbf-4279-8d1a-aefdf0eec8bc
ActivityId: d15cd214-a5f6-4692-b91f-693e0bea177d
X-TFS-Session: 5ee622ee-4ea1-4d2b-8732-f97eeba1daf3
X-VSS-E2EID: aa43a887-7666-4206-a73b-803ddf29b2e7
X-VSS-SenderDeploymentId: 13a19993-c6bc-326c-afb4-32c5519f46f0
X-TFS-ServiceError: The+user+%27System%3aPublicAccess%3baaaaaaaa-aaaa-aaaa-aaaa-aaaaaaaaaaaa%27+is+not+authorized+to+access+this+resource.
X-VSS-S2STargetService: 0000005A-0000-8888-8000-000000000000/visualstudio.com
X-Cache: CONFIG_NOCACHE
X-MSEdge-Ref: Ref A: C275B8780C184C8D804E51F61F9C4635 Ref B: WSTEDGE0916 Ref C: 2021-11-10T19:49:13Z
Date: Wed, 10 Nov 2021 19:49:13 GMT

[2021-11-10 19:49:13Z INFO RSAFileKeyManager] Loading RSA key parameters from file /home/student/226MessageWebServer/actions-runner/.credentials_rsaparams
[2021-11-10 19:49:13Z INFO GitHubActionsService] AAD Correlation ID for this token request: Unknown
