[2021-11-12 16:46:46Z INFO HostContext] No proxy settings were found based on environmental variables (http_proxy/https_proxy/HTTP_PROXY/HTTPS_PROXY)
[2021-11-12 16:46:46Z INFO HostContext] Well known directory 'Bin': '/home/student/226MessageWebServer/actions-runner/bin'
[2021-11-12 16:46:46Z INFO HostContext] Well known directory 'Root': '/home/student/226MessageWebServer/actions-runner'
[2021-11-12 16:46:46Z INFO HostContext] Well known config file 'Credentials': '/home/student/226MessageWebServer/actions-runner/.credentials'
[2021-11-12 16:46:47Z INFO Listener] Runner is built for Linux (X64) - linux-x64.
[2021-11-12 16:46:47Z INFO Listener] RuntimeInformation: Linux 5.4.0-90-generic #101-Ubuntu SMP Fri Oct 15 20:00:55 UTC 2021.
[2021-11-12 16:46:47Z INFO Listener] Version: 2.284.0
[2021-11-12 16:46:47Z INFO Listener] Commit: 9027c154d05776c16f6df6c0345bc9ec20440ebe
[2021-11-12 16:46:47Z INFO Listener] Culture: en-US
[2021-11-12 16:46:47Z INFO Listener] UI Culture: en-US
[2021-11-12 16:46:47Z INFO HostContext] Well known directory 'Bin': '/home/student/226MessageWebServer/actions-runner/bin'
[2021-11-12 16:46:47Z INFO HostContext] Well known directory 'Root': '/home/student/226MessageWebServer/actions-runner'
[2021-11-12 16:46:47Z INFO Listener] Validating directory permissions for: '/home/student/226MessageWebServer/actions-runner'
[2021-11-12 16:46:47Z INFO CommandLineParser] Parse
[2021-11-12 16:46:47Z INFO CommandLineParser] Parsing 1 args
[2021-11-12 16:46:47Z INFO CommandLineParser] parsing argument
[2021-11-12 16:46:47Z INFO CommandLineParser] HasArgs: False
[2021-11-12 16:46:47Z INFO CommandLineParser] Adding Command: run
[2021-11-12 16:46:47Z INFO Listener] Arguments parsed
[2021-11-12 16:46:47Z INFO Runner] ExecuteCommand
[2021-11-12 16:46:47Z INFO ConfigurationStore] currentAssemblyLocation: /home/student/226MessageWebServer/actions-runner/bin/Runner.Listener.dll
[2021-11-12 16:46:47Z INFO HostContext] Well known directory 'Bin': '/home/student/226MessageWebServer/actions-runner/bin'
[2021-11-12 16:46:47Z INFO ConfigurationStore] binPath: /home/student/226MessageWebServer/actions-runner/bin
[2021-11-12 16:46:47Z INFO HostContext] Well known directory 'Bin': '/home/student/226MessageWebServer/actions-runner/bin'
[2021-11-12 16:46:47Z INFO HostContext] Well known directory 'Root': '/home/student/226MessageWebServer/actions-runner'
[2021-11-12 16:46:47Z INFO ConfigurationStore] RootFolder: /home/student/226MessageWebServer/actions-runner
[2021-11-12 16:46:47Z INFO HostContext] Well known directory 'Bin': '/home/student/226MessageWebServer/actions-runner/bin'
[2021-11-12 16:46:47Z INFO HostContext] Well known directory 'Root': '/home/student/226MessageWebServer/actions-runner'
[2021-11-12 16:46:47Z INFO HostContext] Well known config file 'Runner': '/home/student/226MessageWebServer/actions-runner/.runner'
[2021-11-12 16:46:47Z INFO ConfigurationStore] ConfigFilePath: /home/student/226MessageWebServer/actions-runner/.runner
[2021-11-12 16:46:47Z INFO HostContext] Well known directory 'Bin': '/home/student/226MessageWebServer/actions-runner/bin'
[2021-11-12 16:46:47Z INFO HostContext] Well known directory 'Root': '/home/student/226MessageWebServer/actions-runner'
[2021-11-12 16:46:47Z INFO HostContext] Well known config file 'Credentials': '/home/student/226MessageWebServer/actions-runner/.credentials'
[2021-11-12 16:46:47Z INFO ConfigurationStore] CredFilePath: /home/student/226MessageWebServer/actions-runner/.credentials
[2021-11-12 16:46:47Z INFO HostContext] Well known directory 'Bin': '/home/student/226MessageWebServer/actions-runner/bin'
[2021-11-12 16:46:47Z INFO HostContext] Well known directory 'Root': '/home/student/226MessageWebServer/actions-runner'
[2021-11-12 16:46:47Z INFO HostContext] Well known config file 'MigratedCredentials': '/home/student/226MessageWebServer/actions-runner/.credentials_migrated'
[2021-11-12 16:46:47Z INFO ConfigurationStore] MigratedCredFilePath: /home/student/226MessageWebServer/actions-runner/.credentials_migrated
[2021-11-12 16:46:47Z INFO HostContext] Well known directory 'Bin': '/home/student/226MessageWebServer/actions-runner/bin'
[2021-11-12 16:46:47Z INFO HostContext] Well known directory 'Root': '/home/student/226MessageWebServer/actions-runner'
[2021-11-12 16:46:47Z INFO HostContext] Well known config file 'Service': '/home/student/226MessageWebServer/actions-runner/.service'
[2021-11-12 16:46:47Z INFO ConfigurationStore] ServiceConfigFilePath: /home/student/226MessageWebServer/actions-runner/.service
[2021-11-12 16:46:47Z INFO CommandSettings] Flag 'help': 'False'
[2021-11-12 16:46:47Z INFO CommandSettings] Flag 'version': 'False'
[2021-11-12 16:46:47Z INFO CommandSettings] Flag 'commit': 'False'
[2021-11-12 16:46:47Z INFO CommandSettings] Flag 'check': 'False'
[2021-11-12 16:46:47Z INFO CommandSettings] Command 'configure': 'False'
[2021-11-12 16:46:47Z INFO CommandSettings] Command 'remove': 'False'
[2021-11-12 16:46:47Z INFO CommandSettings] Command 'warmup': 'False'
[2021-11-12 16:46:47Z INFO ConfigurationManager] LoadSettings
[2021-11-12 16:46:47Z INFO ConfigurationStore] IsConfigured()
[2021-11-12 16:46:47Z INFO ConfigurationStore] IsConfigured: True
[2021-11-12 16:46:47Z INFO ConfigurationManager] Is configured: True
[2021-11-12 16:46:47Z INFO ConfigurationStore] Read setting file: 299 chars
[2021-11-12 16:46:47Z INFO ConfigurationManager] Settings Loaded
[2021-11-12 16:46:47Z INFO ConfigurationStore] IsServiceConfigured()
[2021-11-12 16:46:47Z INFO ConfigurationStore] IsServiceConfigured: False
[2021-11-12 16:46:47Z INFO CommandSettings] Command 'run': 'True'
[2021-11-12 16:46:47Z INFO ConfigurationStore] IsConfigured()
[2021-11-12 16:46:47Z INFO ConfigurationStore] IsConfigured: True
[2021-11-12 16:46:47Z INFO ConfigurationManager] Is configured: True
[2021-11-12 16:46:47Z INFO Runner] Could not parse the argument value '' for StartupType. Defaulting to Manual
[2021-11-12 16:46:47Z INFO Runner] Set runner startup type - Manual
[2021-11-12 16:46:47Z INFO CommandSettings] Flag 'once': 'False'
[2021-11-12 16:46:47Z INFO CommandSettings] Flag 'once': 'False'
[2021-11-12 16:46:47Z INFO Runner] RunAsync
[2021-11-12 16:46:47Z INFO ConfigurationManager] LoadSettings
[2021-11-12 16:46:47Z INFO ConfigurationStore] IsConfigured()
[2021-11-12 16:46:47Z INFO ConfigurationStore] IsConfigured: True
[2021-11-12 16:46:47Z INFO ConfigurationManager] Is configured: True
[2021-11-12 16:46:47Z INFO ConfigurationManager] Settings Loaded
[2021-11-12 16:46:47Z INFO MessageListener] {
  "AgentId": 2,
  "AgentName": "ics226",
  "PoolId": 1,
  "PoolName": "Default",
  "ServerUrl": "https://pipelines.actions.githubusercontent.com/Ax0Ej6jhyj4ZtQzoHXEbkH0BeyDq8whKqU8oAVKsNSbCVBwj6I",
  "GitHubUrl": "https://github.com/hoangdangnhatkha/226MessageWebServer",
  "WorkFolder": "_work"
}
[2021-11-12 16:46:47Z INFO MessageListener] Loading Credentials
[2021-11-12 16:46:47Z INFO ConfigurationStore] HasCredentials()
[2021-11-12 16:46:47Z INFO ConfigurationStore] stored True
[2021-11-12 16:46:47Z INFO CredentialManager] GetCredentialProvider
[2021-11-12 16:46:47Z INFO CredentialManager] Creating type OAuth
[2021-11-12 16:46:47Z INFO CredentialManager] Creating credential type: OAuth
[2021-11-12 16:46:47Z INFO HostContext] Well known directory 'Bin': '/home/student/226MessageWebServer/actions-runner/bin'
[2021-11-12 16:46:47Z INFO HostContext] Well known directory 'Root': '/home/student/226MessageWebServer/actions-runner'
[2021-11-12 16:46:47Z INFO HostContext] Well known config file 'RSACredentials': '/home/student/226MessageWebServer/actions-runner/.credentials_rsaparams'
[2021-11-12 16:46:47Z INFO RSAFileKeyManager] Loading RSA key parameters from file /home/student/226MessageWebServer/actions-runner/.credentials_rsaparams
[2021-11-12 16:46:47Z INFO MessageListener] Attempt to create session.
[2021-11-12 16:46:47Z INFO MessageListener] Connecting to the Runner Server...
[2021-11-12 16:46:47Z INFO RunnerServer] Establish connection with 100 seconds timeout.
[2021-11-12 16:46:47Z INFO GitHubActionsService] Starting operation Location.GetConnectionData
[2021-11-12 16:46:47Z INFO RunnerServer] Establish connection with 60 seconds timeout.
[2021-11-12 16:46:47Z INFO GitHubActionsService] Starting operation Location.GetConnectionData
[2021-11-12 16:46:47Z INFO RunnerServer] Establish connection with 60 seconds timeout.
[2021-11-12 16:46:47Z INFO GitHubActionsService] Starting operation Location.GetConnectionData
[2021-11-12 16:46:48Z INFO GitHubActionsService] Finished operation Location.GetConnectionData
[2021-11-12 16:46:48Z INFO GitHubActionsService] Finished operation Location.GetConnectionData
[2021-11-12 16:46:48Z INFO GitHubActionsService] Finished operation Location.GetConnectionData
[2021-11-12 16:46:50Z INFO MessageListener] VssConnection created
[2021-11-12 16:46:50Z INFO Terminal] WRITE LINE: 
[2021-11-12 16:46:50Z INFO Terminal] WRITE LINE: 
[2021-11-12 16:46:51Z WARN GitHubActionsService] Authentication failed with status code 401.
Transfer-Encoding: chunked
WWW-Authenticate: Bearer
Strict-Transport-Security: max-age=2592000
X-TFS-ProcessId: 6568268e-1dda-4df4-83c5-9579aec0094f
ActivityId: c9bc209e-4844-48b9-93f7-d6637b9bb6ef
X-TFS-Session: 07d47ad2-27eb-4659-843c-84b30f2c81d3
X-VSS-E2EID: b12ebf2d-6bb2-40d5-9887-6d056ff0bd75
X-VSS-SenderDeploymentId: 13a19993-c6bc-326c-afb4-32c5519f46f0
X-TFS-ServiceError: The+user+%27System%3aPublicAccess%3baaaaaaaa-aaaa-aaaa-aaaa-aaaaaaaaaaaa%27+is+not+authorized+to+access+this+resource.
X-VSS-S2STargetService: 0000005A-0000-8888-8000-000000000000/visualstudio.com
X-Cache: CONFIG_NOCACHE
X-MSEdge-Ref: Ref A: 462507DDD8114123ABEB9A7DAF332F89 Ref B: WSTEDGE1012 Ref C: 2021-11-12T16:46:50Z
Date: Fri, 12 Nov 2021 16:46:50 GMT

[2021-11-12 16:46:51Z INFO RSAFileKeyManager] Loading RSA key parameters from file /home/student/226MessageWebServer/actions-runner/.credentials_rsaparams
[2021-11-12 16:46:51Z INFO RSAFileKeyManager] Loading RSA key parameters from file /home/student/226MessageWebServer/actions-runner/.credentials_rsaparams
[2021-11-12 16:46:51Z INFO GitHubActionsService] AAD Correlation ID for this token request: Unknown
[2021-11-12 16:46:51Z INFO MessageListener] Session created.
[2021-11-12 16:46:51Z INFO Terminal] WRITE LINE: Current runner version: '2.284.0'
[2021-11-12 16:46:51Z INFO Terminal] WRITE LINE: 2021-11-12 16:46:51Z: Listening for Jobs
[2021-11-12 16:46:51Z INFO JobDispatcher] Set runner/worker IPC timeout to 30 seconds.
[2021-11-12 16:53:14Z INFO RSAFileKeyManager] Loading RSA key parameters from file /home/student/226MessageWebServer/actions-runner/.credentials_rsaparams
[2021-11-12 16:53:14Z INFO MessageListener] Message '5' received from session '963b148e-c7e0-440d-82a5-b1056f9d0f80'.
[2021-11-12 16:53:14Z INFO JobDispatcher] Job request 5 for plan 61f7744b-3908-44a9-9f5a-65640cf96cd6 job ca395085-040a-526b-2ce8-bdc85f692774 received.
[2021-11-12 16:53:14Z INFO JobDispatcher] Pull OrchestrationId 61f7744b-3908-44a9-9f5a-65640cf96cd6.build.__default from JWT claims
[2021-11-12 16:53:14Z INFO Terminal] WRITE LINE: 2021-11-12 16:53:14Z: Running job: build
[2021-11-12 16:53:14Z INFO JobDispatcher] Start renew job request 5 for job ca395085-040a-526b-2ce8-bdc85f692774.
[2021-11-12 16:53:14Z INFO JobDispatcher] Successfully renew job request 5, job is valid till 11/12/2021 5:03:14 PM
[2021-11-12 16:53:14Z INFO HostContext] Well known directory 'Bin': '/home/student/226MessageWebServer/actions-runner/bin'
[2021-11-12 16:53:14Z INFO ProcessInvokerWrapper] Starting process:
[2021-11-12 16:53:14Z INFO ProcessInvokerWrapper]   File name: '/home/student/226MessageWebServer/actions-runner/bin/Runner.Worker'
[2021-11-12 16:53:14Z INFO ProcessInvokerWrapper]   Arguments: 'spawnclient 99 102'
[2021-11-12 16:53:14Z INFO ProcessInvokerWrapper]   Working directory: '/home/student/226MessageWebServer/actions-runner/bin'
[2021-11-12 16:53:14Z INFO ProcessInvokerWrapper]   Require exit code zero: 'False'
[2021-11-12 16:53:14Z INFO ProcessInvokerWrapper]   Encoding web name:  ; code page: ''
[2021-11-12 16:53:14Z INFO ProcessInvokerWrapper]   Force kill process on cancellation: 'True'
[2021-11-12 16:53:14Z INFO ProcessInvokerWrapper]   Redirected STDIN: 'False'
[2021-11-12 16:53:14Z INFO ProcessInvokerWrapper]   Persist current code page: 'False'
[2021-11-12 16:53:14Z INFO ProcessInvokerWrapper]   Keep redirected STDIN open: 'False'
[2021-11-12 16:53:14Z INFO ProcessInvokerWrapper]   High priority process: 'True'
[2021-11-12 16:53:14Z INFO ProcessInvokerWrapper] Process started with process id 12537, waiting for process exit.
[2021-11-12 16:53:14Z INFO JobDispatcher] Send job request message to worker for job ca395085-040a-526b-2ce8-bdc85f692774.
[2021-11-12 16:53:14Z INFO ProcessChannel] Sending message of length 20525, with hash 'd2e34be9b7d142c41dafd76f7a81d92881bab4f3013aa2aeb99a0576946004a5'
[2021-11-12 16:53:14Z INFO JobNotification] Entering JobStarted Notification
[2021-11-12 16:53:14Z INFO JobNotification] Entering StartMonitor
[2021-11-12 16:53:46Z INFO ProcessInvokerWrapper] STDOUT/STDERR stream read finished.
[2021-11-12 16:53:46Z INFO ProcessInvokerWrapper] STDOUT/STDERR stream read finished.
[2021-11-12 16:53:46Z INFO ProcessInvokerWrapper] Finished process 12537 with exit code 100, and elapsed time 00:00:31.9215820.
[2021-11-12 16:53:46Z INFO JobDispatcher] Worker finished for job ca395085-040a-526b-2ce8-bdc85f692774. Code: 100
[2021-11-12 16:53:46Z INFO JobDispatcher] finish job request for job ca395085-040a-526b-2ce8-bdc85f692774 with result: Succeeded
[2021-11-12 16:53:46Z INFO Terminal] WRITE LINE: 2021-11-12 16:53:46Z: Job build completed with result: Succeeded
[2021-11-12 16:53:46Z INFO JobDispatcher] Stop renew job request for job ca395085-040a-526b-2ce8-bdc85f692774.
[2021-11-12 16:53:46Z INFO JobDispatcher] job renew has been canceled, stop renew job request 5.
[2021-11-12 16:53:46Z INFO JobNotification] Entering JobCompleted Notification
[2021-11-12 16:53:46Z INFO JobNotification] Entering EndMonitor
[2021-11-12 16:56:26Z INFO RSAFileKeyManager] Loading RSA key parameters from file /home/student/226MessageWebServer/actions-runner/.credentials_rsaparams
[2021-11-12 16:56:26Z INFO MessageListener] Message '6' received from session '963b148e-c7e0-440d-82a5-b1056f9d0f80'.
[2021-11-12 16:56:26Z INFO JobDispatcher] Job request 6 for plan 26d1a456-c908-4631-b480-e48fa1a3a2b9 job ca395085-040a-526b-2ce8-bdc85f692774 received.
[2021-11-12 16:56:26Z INFO JobDispatcher] Pull OrchestrationId 26d1a456-c908-4631-b480-e48fa1a3a2b9.build.__default from JWT claims
[2021-11-12 16:56:26Z INFO JobDispatcher] Job request ca395085-040a-526b-2ce8-bdc85f692774 processed succeed.
[2021-11-12 16:56:26Z INFO Terminal] WRITE LINE: 2021-11-12 16:56:26Z: Running job: build
[2021-11-12 16:56:26Z INFO JobDispatcher] Start renew job request 6 for job ca395085-040a-526b-2ce8-bdc85f692774.
[2021-11-12 16:56:26Z INFO JobDispatcher] Successfully renew job request 6, job is valid till 11/12/2021 5:06:26 PM
[2021-11-12 16:56:26Z INFO HostContext] Well known directory 'Bin': '/home/student/226MessageWebServer/actions-runner/bin'
[2021-11-12 16:56:26Z INFO ProcessInvokerWrapper] Starting process:
[2021-11-12 16:56:26Z INFO ProcessInvokerWrapper]   File name: '/home/student/226MessageWebServer/actions-runner/bin/Runner.Worker'
[2021-11-12 16:56:26Z INFO ProcessInvokerWrapper]   Arguments: 'spawnclient 99 102'
[2021-11-12 16:56:26Z INFO ProcessInvokerWrapper]   Working directory: '/home/student/226MessageWebServer/actions-runner/bin'
[2021-11-12 16:56:26Z INFO ProcessInvokerWrapper]   Require exit code zero: 'False'
[2021-11-12 16:56:26Z INFO ProcessInvokerWrapper]   Encoding web name:  ; code page: ''
[2021-11-12 16:56:26Z INFO ProcessInvokerWrapper]   Force kill process on cancellation: 'True'
[2021-11-12 16:56:26Z INFO ProcessInvokerWrapper]   Redirected STDIN: 'False'
[2021-11-12 16:56:26Z INFO ProcessInvokerWrapper]   Persist current code page: 'False'
[2021-11-12 16:56:26Z INFO ProcessInvokerWrapper]   Keep redirected STDIN open: 'False'
[2021-11-12 16:56:26Z INFO ProcessInvokerWrapper]   High priority process: 'True'
[2021-11-12 16:56:26Z INFO ProcessInvokerWrapper] Process started with process id 12798, waiting for process exit.
[2021-11-12 16:56:26Z INFO JobDispatcher] Send job request message to worker for job ca395085-040a-526b-2ce8-bdc85f692774.
[2021-11-12 16:56:26Z INFO ProcessChannel] Sending message of length 20499, with hash '9ff2cc1edd8672baefb49bb06d01762bae0b2dc3c57a2bfebdc3f90de53eb5eb'
[2021-11-12 16:56:26Z INFO JobNotification] Entering JobStarted Notification
[2021-11-12 16:56:26Z INFO JobNotification] Entering StartMonitor
[2021-11-12 16:56:48Z INFO ProcessInvokerWrapper] STDOUT/STDERR stream read finished.
[2021-11-12 16:56:48Z INFO ProcessInvokerWrapper] STDOUT/STDERR stream read finished.
[2021-11-12 16:56:48Z INFO ProcessInvokerWrapper] Finished process 12798 with exit code 100, and elapsed time 00:00:22.3685315.
[2021-11-12 16:56:48Z INFO JobDispatcher] Worker finished for job ca395085-040a-526b-2ce8-bdc85f692774. Code: 100
[2021-11-12 16:56:48Z INFO JobDispatcher] finish job request for job ca395085-040a-526b-2ce8-bdc85f692774 with result: Succeeded
[2021-11-12 16:56:48Z INFO Terminal] WRITE LINE: 2021-11-12 16:56:48Z: Job build completed with result: Succeeded
[2021-11-12 16:56:48Z INFO JobDispatcher] Stop renew job request for job ca395085-040a-526b-2ce8-bdc85f692774.
[2021-11-12 16:56:48Z INFO JobDispatcher] job renew has been canceled, stop renew job request 6.
[2021-11-12 16:56:48Z INFO JobNotification] Entering JobCompleted Notification
[2021-11-12 16:56:48Z INFO JobNotification] Entering EndMonitor
[2021-11-12 16:56:51Z INFO RSAFileKeyManager] Loading RSA key parameters from file /home/student/226MessageWebServer/actions-runner/.credentials_rsaparams
[2021-11-12 16:56:51Z INFO MessageListener] Message '7' received from session '963b148e-c7e0-440d-82a5-b1056f9d0f80'.
[2021-11-12 16:56:51Z INFO JobDispatcher] Job request 7 for plan c66b7e6d-b385-4b7d-829b-047d42175c73 job ca395085-040a-526b-2ce8-bdc85f692774 received.
[2021-11-12 16:56:51Z INFO JobDispatcher] Pull OrchestrationId c66b7e6d-b385-4b7d-829b-047d42175c73.build.__default from JWT claims
[2021-11-12 16:56:51Z INFO JobDispatcher] Job request ca395085-040a-526b-2ce8-bdc85f692774 processed succeed.
[2021-11-12 16:56:51Z INFO Terminal] WRITE LINE: 2021-11-12 16:56:51Z: Running job: build
[2021-11-12 16:56:51Z INFO JobDispatcher] Start renew job request 7 for job ca395085-040a-526b-2ce8-bdc85f692774.
[2021-11-12 16:56:51Z INFO JobDispatcher] Successfully renew job request 7, job is valid till 11/12/2021 5:06:51 PM
[2021-11-12 16:56:51Z INFO HostContext] Well known directory 'Bin': '/home/student/226MessageWebServer/actions-runner/bin'
[2021-11-12 16:56:51Z INFO ProcessInvokerWrapper] Starting process:
[2021-11-12 16:56:51Z INFO ProcessInvokerWrapper]   File name: '/home/student/226MessageWebServer/actions-runner/bin/Runner.Worker'
[2021-11-12 16:56:51Z INFO ProcessInvokerWrapper]   Arguments: 'spawnclient 99 102'
[2021-11-12 16:56:51Z INFO ProcessInvokerWrapper]   Working directory: '/home/student/226MessageWebServer/actions-runner/bin'
[2021-11-12 16:56:51Z INFO ProcessInvokerWrapper]   Require exit code zero: 'False'
[2021-11-12 16:56:51Z INFO ProcessInvokerWrapper]   Encoding web name:  ; code page: ''
[2021-11-12 16:56:51Z INFO ProcessInvokerWrapper]   Force kill process on cancellation: 'True'
[2021-11-12 16:56:51Z INFO ProcessInvokerWrapper]   Redirected STDIN: 'False'
[2021-11-12 16:56:51Z INFO ProcessInvokerWrapper]   Persist current code page: 'False'
[2021-11-12 16:56:51Z INFO ProcessInvokerWrapper]   Keep redirected STDIN open: 'False'
[2021-11-12 16:56:51Z INFO ProcessInvokerWrapper]   High priority process: 'True'
[2021-11-12 16:56:51Z INFO ProcessInvokerWrapper] Process started with process id 13017, waiting for process exit.
[2021-11-12 16:56:51Z INFO JobDispatcher] Send job request message to worker for job ca395085-040a-526b-2ce8-bdc85f692774.
[2021-11-12 16:56:51Z INFO ProcessChannel] Sending message of length 20501, with hash '5969dda9ac06d7812d3ce0248d259adacef8b5732c4c0cd574f0f13b63fe6e88'
[2021-11-12 16:56:52Z INFO JobNotification] Entering JobStarted Notification
[2021-11-12 16:56:52Z INFO JobNotification] Entering StartMonitor
[2021-11-12 16:57:13Z INFO ProcessInvokerWrapper] STDOUT/STDERR stream read finished.
[2021-11-12 16:57:13Z INFO ProcessInvokerWrapper] STDOUT/STDERR stream read finished.
[2021-11-12 16:57:13Z INFO ProcessInvokerWrapper] Finished process 13017 with exit code 100, and elapsed time 00:00:21.8013162.
[2021-11-12 16:57:13Z INFO JobDispatcher] Worker finished for job ca395085-040a-526b-2ce8-bdc85f692774. Code: 100
[2021-11-12 16:57:13Z INFO JobDispatcher] finish job request for job ca395085-040a-526b-2ce8-bdc85f692774 with result: Succeeded
[2021-11-12 16:57:13Z INFO Terminal] WRITE LINE: 2021-11-12 16:57:13Z: Job build completed with result: Succeeded
[2021-11-12 16:57:13Z INFO JobDispatcher] Stop renew job request for job ca395085-040a-526b-2ce8-bdc85f692774.
[2021-11-12 16:57:13Z INFO JobDispatcher] job renew has been canceled, stop renew job request 7.
[2021-11-12 16:57:13Z INFO JobNotification] Entering JobCompleted Notification
[2021-11-12 16:57:13Z INFO JobNotification] Entering EndMonitor
[2021-11-12 17:04:48Z INFO Terminal] WRITE LINE: Exiting...
[2021-11-12 17:04:48Z INFO ConfigurationStore] IsServiceConfigured()
[2021-11-12 17:04:48Z INFO ConfigurationStore] IsServiceConfigured: False
[2021-11-12 17:04:48Z INFO HostContext] Runner will be shutdown for UserCancelled
[2021-11-12 17:04:48Z WARN GitHubActionsService] GET request to https://pipelines.actions.githubusercontent.com/Ax0Ej6jhyj4ZtQzoHXEbkH0BeyDq8whKqU8oAVKsNSbCVBwj6I/_apis/distributedtask/pools/1/messages?sessionId=963b148e-c7e0-440d-82a5-b1056f9d0f80&lastMessageId=7 has been cancelled.
[2021-11-12 17:04:48Z INFO MessageListener] Get next message has been cancelled.
[2021-11-12 17:04:48Z INFO JobDispatcher] Shutting down JobDispatcher. Make sure all WorkerDispatcher has finished.
[2021-11-12 17:04:48Z INFO JobDispatcher] Ensure WorkerDispather for job ca395085-040a-526b-2ce8-bdc85f692774 run to finish, cancel any running job.
[2021-11-12 17:04:48Z INFO JobDispatcher] Job request ca395085-040a-526b-2ce8-bdc85f692774 processed succeed.
[2021-11-12 17:04:49Z INFO Listener] Runner execution been cancelled.
